<?xml version="1.0" encoding="UTF-8"?>
<!-- Generated by org.testng.reporters.JUnitReportReporter -->
<testsuite skipped="0" hostname="user" name="Login.Login" tests="1" failures="0" timestamp="2023-04-04T16:04:40 IST" time="15.456" errors="0">
  <testcase name="facebook" time="15.456" classname="Login.Login"/>
  <system-out/>
</testsuite> <!-- Login.Login -->
