<?xml version="1.0" encoding="UTF-8"?>
<!-- Generated by org.testng.reporters.JUnitReportReporter -->
<testsuite skipped="0" hostname="user" name="Login.Login_WithOutHardCode" tests="1" failures="0" timestamp="2023-04-14T16:44:21 IST" time="4.983" errors="0">
  <testcase name="laduLalit" time="4.983" classname="Login.Login_WithOutHardCode"/>
  <system-out/>
</testsuite> <!-- Login.Login_WithOutHardCode -->
