<?xml version="1.0" encoding="UTF-8"?>
<!-- Generated by org.testng.reporters.JUnitReportReporter -->
<testsuite skipped="0" hostname="user" name="Login.LoginPOM" tests="1" failures="0" timestamp="2023-04-04T16:20:56 IST" time="5.176" errors="0">
  <testcase name="facebook" time="5.176" classname="Login.LoginPOM"/>
  <system-out/>
</testsuite> <!-- Login.LoginPOM -->
